-------------------------------------------------------------------------------
Test set: BonusServiceTest
-------------------------------------------------------------------------------
Tests run: 2, Failures: 2, Errors: 0, Skipped: 0, Time elapsed: 0.059 s <<< FAILURE! - in BonusServiceTest
shouldCalculateForRegisteredAndOverLimit  Time elapsed: 0.045 s  <<< FAILURE!
org.opentest4j.AssertionFailedError: expected: <500> but was: <300>
	at BonusServiceTest.shouldCalculateForRegisteredAndOverLimit(BonusServiceTest.java:34)

shouldCalculateForRegisteredAndUnderLimit  Time elapsed: 0 s  <<< FAILURE!
org.opentest4j.AssertionFailedError: expected: <30> but was: <0>
	at BonusServiceTest.shouldCalculateForRegisteredAndUnderLimit(BonusServiceTest.java:18)

