<?xml version="1.0" encoding="UTF-8"?>
<testsuite xmlns:xsi="http://www.w3.org/2001/XMLSchema-instance" xsi:noNamespaceSchemaLocation="https://maven.apache.org/surefire/maven-surefire-plugin/xsd/surefire-test-report.xsd" name="BonusServiceTest" time="0.059" tests="2" errors="0" skipped="0" failures="2">
  <properties>
[...]
</properties>
  <testcase name="shouldCalculateForRegisteredAndOverLimit" classname="BonusServiceTest" time="0.045">
    <failure message="expected: &lt;500&gt; but was: &lt;300&gt;" type="org.opentest4j.AssertionFailedError"><![CDATA[org.opentest4j.AssertionFailedError: expected: <500> but was: <300>
	at BonusServiceTest.shouldCalculateForRegisteredAndOverLimit(BonusServiceTest.java:34)
]]></failure>
  </testcase>
  <testcase name="shouldCalculateForRegisteredAndUnderLimit" classname="BonusServiceTest" time="0">
    <failure message="expected: &lt;30&gt; but was: &lt;0&gt;" type="org.opentest4j.AssertionFailedError"><![CDATA[org.opentest4j.AssertionFailedError: expected: <30> but was: <0>
	at BonusServiceTest.shouldCalculateForRegisteredAndUnderLimit(BonusServiceTest.java:18)
]]></failure>
  </testcase>
</testsuite>